<?xml version="1.0" encoding="UTF-8"?>
<!-- Generated by org.testng.reporters.JUnitXMLReporter -->
<testsuite hostname="MEHAVARNAN" ignored="0" name="Application Test1" tests="3" failures="1" timestamp="01 May 2018 05:38:08 GMT" time="0.099" errors="0">
  <testcase name="test1" time="0.01" classname="testclasses.ReporterAndLogs"/>
  <testcase name="test2" time="0.006" classname="testclasses.ReporterAndLogs">
    <failure type="java.lang.AssertionError" message="expected [true] but found [false]">
      <![CDATA[java.lang.AssertionError: expected [true] but found [false]
	at testclasses.ReporterAndLogs.test2(ReporterAndLogs.java:31)
... Removed 29 stack frames]]>
    </failure>
  </testcase> <!-- test2 -->
  <testcase name="test3" time="0.0" classname="testclasses.ReporterAndLogs">
    <skipped/>
  </testcase> <!-- test3 -->
</testsuite> <!-- Application Test1 -->
