<?xml version="1.0" encoding="UTF-8"?>
<!-- Generated by org.testng.reporters.JUnitXMLReporter -->
<testsuite hostname="MEHAVARNAN" ignored="0" name="Application Test1" tests="4" failures="0" timestamp="28 Apr 2018 19:34:19 GMT" time="0.099" errors="0">
  <testcase name="test1" time="0.011" classname="regressionsuite.PreserveTest1"/>
  <testcase name="test2" time="0.002" classname="regressionsuite.PreserveTest1"/>
  <testcase name="test1" time="0.004" classname="regressionsuite.PreserveTest2"/>
  <testcase name="test2" time="0.003" classname="regressionsuite.PreserveTest2"/>
</testsuite> <!-- Application Test1 -->
