<?xml version="1.0" encoding="UTF-8"?>
<!-- Generated by org.testng.reporters.JUnitXMLReporter -->
<testsuite hostname="MEHAVARNAN" ignored="0" name="Application Test2" tests="4" failures="0" timestamp="28 Apr 2018 19:33:17 GMT" time="0.026" errors="0">
  <testcase name="test1" time="0.002" classname="regressionsuite.PreserveTest2"/>
  <testcase name="test2" time="0.002" classname="regressionsuite.PreserveTest2"/>
  <testcase name="test1" time="0.002" classname="regressionsuite.PreserveTest1"/>
  <testcase name="test2" time="0.004" classname="regressionsuite.PreserveTest1"/>
</testsuite> <!-- Application Test2 -->
