<?xml version="1.0" encoding="UTF-8"?>
<!-- Generated by org.testng.reporters.JUnitXMLReporter -->
<testsuite hostname="MEHAVARNAN" ignored="0" name="Application Test2" tests="2" failures="1" timestamp="30 Apr 2018 15:37:28 GMT" time="0.019" errors="0">
  <testcase name="test1" time="0.004" classname="testclasses.ListenersTest2"/>
  <testcase name="test2" time="0.002" classname="testclasses.ListenersTest2">
    <failure type="java.lang.AssertionError" message="expected [true] but found [false]">
      <![CDATA[java.lang.AssertionError: expected [true] but found [false]
	at testclasses.ListenersTest2.test2(ListenersTest2.java:24)
... Removed 29 stack frames]]>
    </failure>
  </testcase> <!-- test2 -->
</testsuite> <!-- Application Test2 -->
