<?xml version="1.0" encoding="UTF-8"?>
<testng-results skipped="0" failed="0" ignored="0" total="2" passed="2">
  <reporter-output>
  </reporter-output>
  <suite name="Default suite" duration-ms="45" started-at="2018-06-28T17:11:40Z" finished-at="2018-06-28T17:11:40Z">
    <groups>
    </groups>
    <test name="Default test" duration-ms="45" started-at="2018-06-28T17:11:40Z" finished-at="2018-06-28T17:11:40Z">
      <class name="regressionsuite.TestClass1">
        <test-method status="PASS" signature="beforeSuite()[pri:0, instance:regressionsuite.TestClass1@457e2f02]" name="beforeSuite" is-config="true" duration-ms="12" started-at="2018-06-28T22:41:40Z" finished-at="2018-06-28T22:41:40Z">
          <reporter-output>
          </reporter-output>
        </test-method> <!-- beforeSuite -->
        <test-method status="PASS" signature="beforeTest()[pri:0, instance:regressionsuite.TestClass1@457e2f02]" name="beforeTest" is-config="true" duration-ms="0" started-at="2018-06-28T22:41:40Z" finished-at="2018-06-28T22:41:40Z">
          <reporter-output>
          </reporter-output>
        </test-method> <!-- beforeTest -->
        <test-method status="PASS" signature="setUp()[pri:0, instance:regressionsuite.TestClass1@457e2f02]" name="setUp" is-config="true" duration-ms="0" started-at="2018-06-28T22:41:40Z" finished-at="2018-06-28T22:41:40Z">
          <reporter-output>
          </reporter-output>
        </test-method> <!-- setUp -->
        <test-method status="PASS" signature="beforeClass()[pri:0, instance:regressionsuite.TestClass1@457e2f02]" name="beforeClass" is-config="true" duration-ms="0" started-at="2018-06-28T22:41:40Z" finished-at="2018-06-28T22:41:40Z">
          <reporter-output>
          </reporter-output>
        </test-method> <!-- beforeClass -->
        <test-method status="PASS" signature="test1()[pri:0, instance:regressionsuite.TestClass1@457e2f02]" name="test1" duration-ms="8" started-at="2018-06-28T22:41:40Z" finished-at="2018-06-28T22:41:40Z">
          <reporter-output>
          </reporter-output>
        </test-method> <!-- test1 -->
        <test-method status="PASS" signature="beforeMethod()[pri:0, instance:regressionsuite.TestClass1@457e2f02]" name="beforeMethod" is-config="true" duration-ms="0" started-at="2018-06-28T22:41:40Z" finished-at="2018-06-28T22:41:40Z">
          <reporter-output>
          </reporter-output>
        </test-method> <!-- beforeMethod -->
        <test-method status="PASS" signature="afterMethod()[pri:0, instance:regressionsuite.TestClass1@457e2f02]" name="afterMethod" is-config="true" duration-ms="0" started-at="2018-06-28T22:41:40Z" finished-at="2018-06-28T22:41:40Z">
          <reporter-output>
          </reporter-output>
        </test-method> <!-- afterMethod -->
        <test-method status="PASS" signature="beforeMethod()[pri:0, instance:regressionsuite.TestClass1@457e2f02]" name="beforeMethod" is-config="true" duration-ms="0" started-at="2018-06-28T22:41:40Z" finished-at="2018-06-28T22:41:40Z">
          <reporter-output>
          </reporter-output>
        </test-method> <!-- beforeMethod -->
        <test-method status="PASS" signature="test2()[pri:0, instance:regressionsuite.TestClass1@457e2f02]" name="test2" duration-ms="0" started-at="2018-06-28T22:41:40Z" finished-at="2018-06-28T22:41:40Z">
          <reporter-output>
          </reporter-output>
        </test-method> <!-- test2 -->
        <test-method status="PASS" signature="afterMethod()[pri:0, instance:regressionsuite.TestClass1@457e2f02]" name="afterMethod" is-config="true" duration-ms="0" started-at="2018-06-28T22:41:40Z" finished-at="2018-06-28T22:41:40Z">
          <reporter-output>
          </reporter-output>
        </test-method> <!-- afterMethod -->
        <test-method status="PASS" signature="afterClass()[pri:0, instance:regressionsuite.TestClass1@457e2f02]" name="afterClass" is-config="true" duration-ms="4" started-at="2018-06-28T22:41:40Z" finished-at="2018-06-28T22:41:40Z">
          <reporter-output>
          </reporter-output>
        </test-method> <!-- afterClass -->
        <test-method status="PASS" signature="tearDown()[pri:0, instance:regressionsuite.TestClass1@457e2f02]" name="tearDown" is-config="true" duration-ms="0" started-at="2018-06-28T22:41:40Z" finished-at="2018-06-28T22:41:40Z">
          <reporter-output>
          </reporter-output>
        </test-method> <!-- tearDown -->
        <test-method status="PASS" signature="afterTest()[pri:0, instance:regressionsuite.TestClass1@457e2f02]" name="afterTest" is-config="true" duration-ms="0" started-at="2018-06-28T22:41:40Z" finished-at="2018-06-28T22:41:40Z">
          <reporter-output>
          </reporter-output>
        </test-method> <!-- afterTest -->
        <test-method status="PASS" signature="afterSuite()[pri:0, instance:regressionsuite.TestClass1@457e2f02]" name="afterSuite" is-config="true" duration-ms="0" started-at="2018-06-28T22:41:40Z" finished-at="2018-06-28T22:41:40Z">
          <reporter-output>
          </reporter-output>
        </test-method> <!-- afterSuite -->
      </class> <!-- regressionsuite.TestClass1 -->
    </test> <!-- Default test -->
  </suite> <!-- Default suite -->
</testng-results>
