<?xml version="1.0" encoding="UTF-8"?>
<!-- Generated by org.testng.reporters.JUnitXMLReporter -->
<testsuite hostname="MEHAVARNAN" ignored="2" name="Application Test1" tests="2" failures="0" timestamp="26 Jun 2018 16:24:18 GMT" time="0.052" errors="0">
  <testcase name="test_Audi" time="0.008" classname="regressionsuite.GroupingTest"/>
  <testcase name="test_BMW" time="0.004" classname="regressionsuite.GroupingTest"/>
  <testcase name="test_Honda" time="0.0" classname="regressionsuite.GroupingTest">
    <ignored/>
  </testcase> <!-- test_Honda -->
  <testcase name="test_Kawasaki" time="0.0" classname="regressionsuite.GroupingTest">
    <ignored/>
  </testcase> <!-- test_Kawasaki -->
</testsuite> <!-- Application Test1 -->
