<?xml version="1.0" encoding="UTF-8"?>
<!-- Generated by org.testng.reporters.JUnitXMLReporter -->
<testsuite hostname="MEHAVARNAN" ignored="0" name="Application Test1" tests="4" failures="0" timestamp="28 Apr 2018 18:36:13 GMT" time="0.106" errors="0">
  <testcase name="test_Audi" time="0.006" classname="regressionsuite.GroupingTest"/>
  <testcase name="test_BMW" time="0.002" classname="regressionsuite.GroupingTest"/>
  <testcase name="test_Honda" time="0.002" classname="regressionsuite.GroupingTest"/>
  <testcase name="test_Kawasaki" time="0.002" classname="regressionsuite.GroupingTest"/>
</testsuite> <!-- Application Test1 -->
